23:38:35.295 [main] INFO  - the user is on the home page
23:38:35.356 [main] INFO  - the user clicks the login icon
23:38:35.562 [main] INFO  - the user clicks the Google sign-in button
23:38:37.930 [main] INFO  - the user enters an invalid email from excel
23:38:38.179 [main] DEBUG - Parsing relationship: /xl/_rels/workbook.xml.rels
23:38:38.189 [main] DEBUG - Parsing relationship: /_rels/.rels
23:38:38.481 [main] TRACE - Loading type system org.apache.poi.schemas.ooxml.system.ooxml
23:38:38.489 [main] TRACE - Loading type system org.apache.xmlbeans.metadata.system.sXMLCONFIG
23:38:38.492 [main] TRACE - Loading type system org.apache.xmlbeans.metadata.system.sXMLLANG
23:38:38.492 [main] TRACE - Loading type system org.apache.xmlbeans.metadata.system.sXMLSCHEMA
23:38:38.492 [main] TRACE - Loading type system org.apache.xmlbeans.metadata.system.sXMLTOOLS
23:38:38.492 [main] TRACE - Reading unresolved handles for type system org.apache.xmlbeans.metadata.system.sXMLTOOLS
23:38:38.525 [main] TRACE - Finished loading type system org.apache.xmlbeans.metadata.system.sXMLTOOLS
23:38:38.529 [main] TRACE - Reading unresolved handles for type system org.apache.xmlbeans.metadata.system.sXMLSCHEMA
23:38:38.537 [main] TRACE - Finished loading type system org.apache.xmlbeans.metadata.system.sXMLSCHEMA
23:38:38.537 [main] TRACE - Reading unresolved handles for type system org.apache.xmlbeans.metadata.system.sXMLLANG
23:38:38.542 [main] TRACE - Finished loading type system org.apache.xmlbeans.metadata.system.sXMLLANG
23:38:38.542 [main] TRACE - Reading unresolved handles for type system org.apache.xmlbeans.metadata.system.sXMLCONFIG
23:38:38.542 [main] TRACE - Finished loading type system org.apache.xmlbeans.metadata.system.sXMLCONFIG
23:38:38.545 [main] TRACE - Reading unresolved handles for type system org.apache.poi.schemas.ooxml.system.ooxml
23:38:38.611 [main] TRACE - Finished loading type system org.apache.poi.schemas.ooxml.system.ooxml
23:38:38.611 [main] TRACE - Resolving type for handle themefd26doctype
23:38:38.736 [main] TRACE - Resolving type for handle stylesheet5d8bdoctype
23:38:38.744 [main] TRACE - Resolving type for handle ctstylesheet4257type
23:38:38.752 [main] TRACE - Resolving type for handle ctfonts6623type
23:38:38.752 [main] TRACE - Resolving type for handle ctfont14d8type
23:38:38.761 [main] TRACE - Resolving type for handle ctfills2c6ftype
23:38:38.771 [main] TRACE - Resolving type for handle ctfill550ctype
23:38:38.771 [main] TRACE - Resolving type for handle ctborders0d66type
23:38:38.778 [main] TRACE - Resolving type for handle ctborderf935type
23:38:38.778 [main] TRACE - Resolving type for handle ctcellxfs1322type
23:38:38.787 [main] TRACE - Resolving type for handle ctxf97f7type
23:38:38.792 [main] TRACE - Resolving type for handle ctcellstylexfsa81ftype
23:38:38.792 [main] TRACE - Resolving type for handle ctdxfsb26atype
23:38:38.810 [main] TRACE - Resolving type for handle cttablestyles872ftype
23:38:38.810 [main] TRACE - Resolving type for handle sstf81fdoctype
23:38:38.822 [main] TRACE - Resolving type for handle ctsst44f3type
23:38:38.835 [main] TRACE - Resolving type for handle ctrsta472type
23:38:38.851 [main] DEBUG - using default POIXMLDocumentPart for http://schemas.microsoft.com/office/2017/10/relationships/person
23:38:38.851 [main] TRACE - Resolving type for handle workbookec17doctype
23:38:38.860 [main] TRACE - Resolving type for handle ctworkbook83c3type
23:38:38.874 [main] TRACE - Resolving type for handle ctsheets49fdtype
23:38:38.875 [main] TRACE - Resolving type for handle ctsheet4dbetype
23:38:38.882 [main] TRACE - Resolving type for handle strelationshipid1e94type
23:38:38.882 [main] TRACE - Resolving type for handle worksheetf539doctype
23:38:38.892 [main] TRACE - Resolving type for handle ctworksheet530dtype
23:38:38.899 [main] TRACE - Resolving type for handle ctcols627ctype
23:38:38.909 [main] TRACE - Resolving type for handle ctcola95ftype
23:38:38.942 [main] TRACE - Resolving type for handle ctsheetdata8408type
23:38:38.948 [main] TRACE - Resolving type for handle ctrowdd39type
23:38:38.959 [main] TRACE - Resolving type for handle ctcell842btype
23:38:38.975 [main] TRACE - Resolving type for handle stcellrefe4e0type
23:38:38.993 [main] TRACE - Resolving type for handle stxstringf179type
23:38:38.993 [main] TRACE - Resolving type for handle stcelltypebf95type
23:38:46.077 [main] INFO  - the user clicks Next
23:38:46.525 [main] INFO  - error message should be displayed
23:39:03.151 [main] INFO  - the user is on the home page
23:39:03.151 [main] INFO  - the user clicks the login icon
23:39:03.355 [main] INFO  - the user clicks the Google sign-in button
23:39:05.712 [main] INFO  - the user enters an invalid email from excel
23:39:09.552 [main] INFO  - the user clicks Next
23:39:09.944 [main] INFO  - error message should be displayed
23:39:28.595 [main] INFO  - the user is on the home page
23:39:28.603 [main] INFO  - the user clicks the login icon
23:39:28.827 [main] INFO  - the user clicks the Google sign-in button
23:39:31.191 [main] INFO  - the user enters an invalid email from excel
23:39:35.447 [main] INFO  - the user clicks Next
23:39:35.670 [main] INFO  - error message should be displayed
23:39:46.397 [main] INFO  - the user is on the home page
23:39:46.403 [main] INFO  - the user clicks the login icon
23:39:46.534 [main] INFO  - the user clicks the Google sign-in button
23:39:48.800 [main] INFO  - the user enters an invalid email from excel
23:40:14.955 [main] INFO  - the user is on the home page
23:40:14.959 [main] INFO  - the user clicks the login icon
23:40:15.214 [main] INFO  - the user clicks the Google sign-in button
23:40:17.612 [main] INFO  - the user enters an invalid email from excel
23:40:21.672 [main] INFO  - the user clicks Next
23:40:22.046 [main] INFO  - error message should be displayed
23:40:37.214 [main] INFO  - the user is on the Home page
23:40:37.218 [main] INFO  - the user navigates to the Upcoming Bikes page
23:40:39.923 [main] INFO  - the user applies the Honda brand filter
23:40:42.234 [main] INFO  - the user should see a list of upcoming Honda bikes under 4 lakh
23:40:43.527 [main] INFO  - each bike should have a non empty name
23:40:43.527 [main] INFO  - each bike should have a non empty price
23:40:43.527 [main] INFO  - each bike should have a non empty expected launch date
23:40:54.328 [main] INFO  - the user is on Home page
23:40:54.328 [main] INFO  - the user is on Home page
23:41:03.738 [main] INFO  - the user selects Chennai
23:41:03.960 [main] INFO  - the popular used cars should be displayed
